161:/home/caitlynft/.luarocks/share/lua/5.1/busted/block.lua
0 0 0 0 0 0 0 0 0 0 0 0 0 0 0 0 0 0 0 11084 0 11084 11084 0 0 652 652 11736 11084 10432 0 0 652 0 0 208 208 208 208 0 0 0 1332 0 1332 888 888 0 0 0 0 1332 168 0 1332 1332 1164 0 0 168 168 0 0 0 0 0 0 168 0 168 0 0 0 1468 0 1468 888 888 0 0 0 0 1468 0 1468 1572 104 0 0 0 0 1468 0 0 0 1668 1668 0 1668 1772 104 0 0 0 0 0 1668 888 0 0 0 1668 0 0 0 444 0 0 0 168 168 168 0 168 0 0 136 0 0 0 168 0 0 0 104 0 104 104 104 0 0 0 0 104 0 104 136 0 136 0 0 0 0 136 136 0 0 136 136 0 136 
38:/home/caitlynft/.luarocks/share/lua/5.1/busted/compatibility.lua
0 0 0 0 0 0 0 0 0 0 0 0 0 0 0 0 0 0 0 0 0 0 0 0 0 0 0 0 0 0 0 0 0 0 0 0 9 9 
130:/home/caitlynft/.luarocks/share/lua/5.1/busted/context.lua
0 0 0 0 0 0 0 0 0 0 0 0 0 0 0 32 2711 2679 0 1376 0 1344 0 0 0 3200 3168 0 32 0 0 0 0 0 0 0 0 0 0 0 0 0 0 0 208 208 416 208 208 0 208 416 0 0 0 0 0 0 0 208 0 208 0 0 756 756 0 756 208 548 0 0 756 756 0 0 788 788 0 0 788 32 0 788 0 0 15157 0 0 0 0 0 0 0 0 0 0 0 0 0 0 0 0 0 756 756 756 756 0 0 136 0 0 0 43811 0 0 0 2464 2464 2464 2464 2464 0 0 2528 2528 2528 2528 2528 
317:/home/caitlynft/.luarocks/share/lua/5.1/busted/core.lua
0 0 0 0 0 0 0 0 0 0 18 0 0 0 0 0 0 0 0 0 0 0 0 0 0 0 14 14 9 5 0 0 5 0 0 0 23 0 0 0 0 0 0 0 0 0 0 0 0 0 0 0 0 0 0 0 0 0 0 0 0 0 0 0 0 0 0 0 0 770 770 0 770 770 802 779 32 32 0 0 770 770 0 770 770 0 0 0 14 14 14 14 0 14 14 0 0 0 0 0 14 0 0 0 1962 0 0 0 0 0 0 0 0 0 0 0 784 0 812 812 104 104 104 104 104 104 0 0 708 680 680 680 680 680 0 0 28 0 0 0 0 0 0 9 9 9 9 9 9 0 0 0 0 0 0 0 0 0 0 0 0 0 0 0 0 0 0 0 0 0 0 0 0 2464 2464 2464 0 4928 14 14 14 5006 0 2528 14 0 0 0 14 0 0 0 0 0 0 0 0 0 0 0 14 0 2528 0 2528 2528 0 0 0 1160 1160 1160 548 548 612 612 612 612 0 2320 1160 2320 1160 0 0 0 0 0 0 0 0 0 0 0 0 0 0 0 0 0 0 0 0 0 0 0 0 0 0 0 0 0 0 0 0 0 0 0 756 208 208 548 0 0 0 756 0 756 756 756 0 0 0 756 1512 0 756 756 0 0 0 0 0 0 756 756 756 756 756 756 756 756 756 756 756 756 0 0 756 0 756 344 0 412 0 756 0 0 0 136 924 756 756 1096 788 0 168 
21:/home/caitlynft/.luarocks/share/lua/5.1/busted/environment.lua
0 0 0 0 0 0 0 48874 0 47392 35673 47392 0 0 0 0 0 0 0 0 13201 
69:/home/caitlynft/.luarocks/share/lua/5.1/busted/execute.lua
0 0 0 0 0 0 0 0 0 0 0 0 0 0 0 0 0 0 0 0 0 0 0 0 0 0 0 0 0 0 0 0 0 0 0 0 0 0 0 0 32 0 0 0 0 0 0 0 0 0 0 0 0 0 0 0 0 0 0 32 32 0 32 0 32 0 0 0 32 
129:/home/caitlynft/.luarocks/share/lua/5.1/busted/init.lua
0 0 0 0 0 0 0 0 32 32 0 0 104 104 104 0 104 104 0 0 444 444 0 444 0 0 0 0 444 0 444 444 444 0 444 0 444 444 444 444 444 0 0 0 0 0 0 444 0 0 444 444 0 0 0 0 0 0 0 0 0 0 0 0 0 0 0 0 0 0 0 0 0 0 0 0 0 0 0 0 0 0 0 0 0 0 0 0 0 0 0 0 0 0 0 0 0 0 0 0 0 0 0 0 0 0 0 0 0 0 0 0 0 0 0 0 0 0 0 0 0 0 0 0 0 0 0 0 888 
8:/home/caitlynft/.luarocks/share/lua/5.1/busted/modules/files/lua.lua
0 0 0 0 0 770 770 770 
80:/home/caitlynft/.luarocks/share/lua/5.1/busted/modules/filter_loader.lua
0 0 0 444 444 0 888 888 444 444 0 0 444 0 0 0 0 0 0 0 0 548 0 0 0 0 548 0 0 0 444 444 0 0 0 0 444 0 0 0 548 0 0 0 0 548 0 0 0 0 0 0 0 0 0 0 0 0 0 0 0 0 0 0 0 548 0 0 0 0 548 0 0 0 444 0 0 0 0 444 
177:/home/caitlynft/.luarocks/share/lua/5.1/busted/outputHandlers/base.lua
0 0 0 0 0 0 0 0 0 0 0 0 0 0 0 0 0 0 1332 0 0 0 0 0 0 0 0 0 0 0 0 0 0 0 0 0 0 0 0 0 0 0 444 444 0 888 888 0 444 444 0 0 444 0 0 0 0 444 5286 4842 3954 0 0 444 444 0 444 444 444 444 444 444 444 0 444 0 444 0 0 0 32 0 0 0 32 0 0 0 0 0 0 0 0 0 0 0 0 0 0 0 0 0 0 0 0 0 0 0 32 32 32 0 0 0 444 444 0 0 0 0 0 444 430 430 14 0 0 14 0 9 9 5 0 5 0 0 430 0 430 430 430 0 0 0 430 0 0 430 0 430 0 0 0 0 0 0 0 0 0 0 9 9 0 0 0 5 5 5 0 0 0 14 0 0 0 0 14 
205:/home/caitlynft/.luarocks/share/lua/5.1/busted/outputHandlers/utfTerminal.lua
0 0 0 0 0 0 0 0 0 0 0 0 0 0 0 0 0 0 0 0 0 0 0 0 0 0 0 0 0 0 0 0 0 0 0 0 0 0 0 0 0 0 0 0 0 0 0 0 0 0 0 0 0 0 0 0 0 0 0 0 0 0 0 0 0 0 0 0 0 0 0 0 0 0 0 14 14 14 0 0 0 0 0 0 14 0 0 0 0 14 14 5 0 0 14 0 0 0 0 14 14 14 14 14 0 0 14 0 0 0 14 0 0 0 32 32 32 32 0 32 32 32 32 32 0 32 0 32 0 0 0 32 23 9 9 0 0 32 32 0 0 0 0 32 27 5 5 0 0 32 0 32 32 32 32 32 0 0 0 444 444 0 444 0 444 9 435 5 0 0 444 444 0 0 444 0 0 0 0 0 0 0 0 0 0 0 32 32 0 32 0 0 0 0 41 9 9 0 0 37 5 5 0 0 32 
221:/home/caitlynft/.luarocks/share/lua/5.1/busted/runner.lua
0 0 0 0 0 0 0 0 0 0 0 0 0 0 0 0 0 0 0 0 0 0 0 0 0 0 0 0 0 0 0 0 0 0 0 0 0 0 0 0 0 0 0 0 0 0 0 0 0 0 0 0 0 0 0 0 0 0 0 0 0 0 0 0 0 0 0 0 0 0 0 0 0 0 0 0 0 0 0 0 0 0 0 0 0 0 0 0 0 0 0 0 0 0 0 0 0 0 0 0 0 0 0 0 0 0 0 0 5 5 5 0 0 0 9 9 0 0 0 9 9 0 0 0 0 0 0 0 0 0 0 0 0 0 0 0 0 0 0 0 0 0 0 0 0 0 0 0 0 0 0 0 0 0 0 0 0 0 0 0 0 0 0 0 0 0 0 0 0 0 0 0 0 0 0 0 0 0 0 0 0 0 0 0 0 0 0 0 0 0 0 0 0 0 0 0 0 0 0 0 0 0 0 0 0 0 0 0 0 0 0 0 0 0 0 32 0 32 9 0 23 
42:/home/caitlynft/.luarocks/share/lua/5.1/busted/status.lua
0 3416 3416 3416 3416 3416 3416 3416 3416 0 3416 0 0 0 2972 2972 4476 2972 2972 2972 0 0 0 2972 0 0 0 2972 0 0 0 444 444 444 0 3416 0 0 5944 2972 3860 2972 
911:/home/caitlynft/.luarocks/share/lua/5.1/compat53/module.lua
32 32 0 0 32 0 32 0 0 0 32 0 32 32 32 32 32 32 32 32 0 0 32 32 32 0 0 32 0 0 32 32 32 32 32 0 0 0 32 0 0 0 32 0 0 0 0 0 32 0 0 0 32 32 32 32 0 224 192 0 32 0 0 0 0 32 32 256 224 0 0 0 0 0 32 32 96 64 0 0 0 0 0 32 32 128 96 0 0 0 0 0 0 32 0 0 0 0 0 0 0 0 0 0 0 32 0 1728 1696 0 32 0 0 0 0 32 0 32 32 0 64 0 0 0 0 0 32 0 64 0 0 0 0 0 0 0 0 0 32 0 0 0 0 0 0 0 0 0 0 0 0 32 0 64 0 0 0 0 0 0 0 0 0 64 0 0 0 0 32 0 0 0 0 0 0 0 32 0 0 0 0 0 0 0 0 0 0 32 32 80 0 0 80 0 64 0 0 0 0 0 0 0 0 0 0 0 32 0 64 0 0 0 0 0 0 0 0 0 0 0 0 0 0 0 0 32 0 0 64 0 0 0 0 0 0 0 0 0 0 0 0 0 0 0 0 64 0 0 0 0 32 0 0 0 0 0 0 0 0 0 0 0 0 0 0 0 0 0 0 0 0 0 0 0 0 0 0 0 0 0 0 0 0 0 0 0 0 0 0 0 0 0 0 0 0 0 0 0 0 0 0 0 0 0 0 0 0 0 0 0 0 0 0 0 0 0 0 0 0 0 0 0 0 0 0 0 0 0 0 0 0 0 0 0 0 0 0 0 0 0 0 0 0 0 0 0 0 0 0 0 0 0 0 0 0 0 0 0 0 0 0 0 0 0 0 0 0 0 0 0 0 0 0 0 0 0 0 0 0 0 0 0 0 0 0 0 0 0 0 0 0 0 0 0 0 0 0 0 0 0 0 0 0 0 0 0 0 0 0 0 0 0 0 0 0 0 0 0 0 32 0 32 32 0 0 0 0 32 32 32 32 32 32 32 32 32 32 32 32 32 32 32 32 32 32 32 32 0 0 32 32 32 0 0 32 32 32 0 32 0 32 64 0 0 0 0 0 0 0 0 0 0 32 0 64 0 0 0 0 0 0 0 0 0 32 0 64 0 0 32 32 0 0 0 32 32 0 0 0 0 0 0 32 0 0 0 32 0 0 0 0 0 0 0 0 0 0 0 32 0 32 0 0 0 0 0 0 0 0 0 0 0 0 0 0 0 0 0 0 0 0 0 0 0 0 0 0 0 0 0 0 0 0 0 0 0 0 0 0 0 0 32 0 32 0 32 0 0 0 0 0 0 0 0 0 0 0 0 0 0 0 0 0 0 0 0 64 0 0 0 32 32 0 0 0 0 0 32 0 0 0 32 32 0 0 32 0 0 0 32 64 0 0 0 0 0 0 0 0 0 0 32 0 0 0 32 0 0 0 0 0 0 32 0 64 0 0 0 0 0 0 0 0 32 0 32 64 0 0 0 0 0 0 32 0 0 64 0 0 0 0 0 0 32 0 32 64 0 0 0 0 0 32 0 64 0 0 0 0 0 0 32 0 0 0 32 32 0 0 0 0 0 32 0 0 0 32 64 0 0 0 0 0 0 0 0 0 0 0 0 0 0 32 0 0 0 0 28 32 0 64 0 32 0 64 0 32 0 64 28 32 0 64 0 32 0 32 64 0 0 0 0 0 32 0 0 32 0 32 32 32 32 0 0 0 0 32 0 64 868 868 0 868 868 868 0 868 0 0 0 0 1736 868 868 64 0 0 0 0 64 0 0 0 0 0 0 32 0 32 0 0 0 0 0 0 0 0 32 0 0 0 32 0 64 0 0 0 0 0 0 0 0 0 0 0 0 0 0 0 0 0 0 0 0 0 64 0 0 32 0 0 0 0 0 0 0 0 0 0 0 0 0 0 0 0 0 0 0 0 0 0 0 0 0 0 0 0 0 0 0 0 0 0 0 0 0 0 0 0 0 0 0 0 0 0 0 0 0 0 0 0 0 0 0 0 0 0 0 0 0 0 0 0 0 0 0 0 0 0 32 0 0 0 0 32 0 0 0 0 0 32 
175:/home/caitlynft/.luarocks/share/lua/5.1/luassert/assert.lua
0 0 0 0 0 0 0 0 0 0 0 0 0 0 0 0 0 0 0 0 0 0 0 0 0 0 160 0 160 0 544 384 0 0 160 544 384 224 0 0 0 160 160 0 160 0 0 0 0 0 0 0 0 160 0 0 160 0 0 0 0 0 0 0 0 0 0 0 0 0 0 0 672 384 0 0 288 0 0 0 0 160 0 0 0 0 0 0 0 0 0 0 0 0 0 0 0 0 0 0 0 0 0 0 0 0 0 0 0 0 0 0 0 0 0 0 0 0 0 0 0 0 0 0 0 0 0 0 0 0 0 0 0 0 0 0 0 0 0 0 0 0 0 0 0 0 0 0 0 0 0 0 0 0 0 0 9 9 0 0 0 0 0 0 0 0 499 9 9 0 490 0 0 0 160 
302:/home/caitlynft/.luarocks/share/lua/5.1/luassert/assertions.lua
0 0 0 0 0 0 0 0 0 0 0 0 0 0 0 0 0 0 160 0 0 160 0 0 0 0 0 0 0 0 0 0 0 0 0 0 0 0 0 0 0 0 0 0 0 0 0 0 0 0 0 0 0 0 0 0 0 0 0 0 0 0 0 0 0 0 0 0 0 0 0 0 0 0 0 0 0 0 0 0 0 0 0 0 0 0 0 0 0 0 0 0 0 0 0 0 0 0 0 0 0 0 0 0 0 0 0 0 0 0 0 0 128 128 128 128 0 128 128 128 0 0 0 0 0 0 0 0 0 0 0 0 0 0 0 0 0 0 0 0 0 0 0 0 0 0 0 0 0 0 0 0 0 0 0 0 0 0 0 0 0 0 0 0 0 0 0 0 0 0 0 0 0 0 0 0 0 0 0 0 0 0 0 0 0 0 0 0 0 0 0 0 0 0 0 0 0 0 0 0 0 0 0 0 0 0 0 0 0 0 0 0 0 0 0 0 0 0 0 0 0 0 0 0 0 0 0 0 0 0 0 0 0 0 0 0 0 0 0 0 0 0 0 0 0 0 0 0 0 0 0 0 0 0 0 0 0 0 0 0 0 0 0 0 0 0 0 0 0 0 0 0 0 0 0 0 32 32 32 32 32 0 0 0 0 0 0 0 0 0 0 0 0 0 0 0 0 0 0 0 0 32 
10:/home/caitlynft/.luarocks/share/lua/5.1/luassert/modifiers.lua
0 0 0 0 160 0 0 0 64 64 
353:/home/caitlynft/.luarocks/share/lua/5.1/luassert/util.lua
0 0 0 0 0 0 0 0 0 0 0 0 0 0 0 0 0 0 0 0 0 0 0 0 0 0 0 0 0 0 0 0 0 0 0 0 0 0 0 0 0 0 0 0 0 0 0 0 0 0 0 0 0 0 0 0 0 0 0 0 0 0 0 0 0 0 0 0 0 0 0 0 0 0 0 0 0 0 0 0 0 0 0 0 0 0 0 0 0 0 0 0 0 0 0 0 0 0 0 0 0 0 0 0 0 0 0 0 0 0 0 0 0 0 0 0 0 0 0 0 0 0 0 0 0 0 0 0 0 0 0 0 0 0 0 0 0 0 0 0 0 0 0 0 0 0 0 0 0 0 0 0 0 0 0 0 0 0 0 0 0 0 0 0 0 0 0 0 0 0 0 0 0 0 0 0 0 0 0 0 0 0 0 0 0 0 0 0 0 0 0 0 0 0 0 0 0 0 0 0 0 0 0 0 0 0 0 0 0 0 0 0 0 160 160 160 160 160 160 0 0 0 0 160 160 0 160 0 0 0 0 0 288 128 0 0 160 160 0 0 0 0 0 0 0 0 0 128 128 0 128 0 0 0 0 0 128 0 256 128 0 0 128 128 128 0 0 0 0 0 0 0 0 0 0 0 0 0 0 0 0 0 0 0 0 0 0 0 0 0 0 0 0 160 160 160 160 320 160 160 160 0 160 160 0 0 0 0 0 0 0 0 160 0 0 160 160 160 544 384 384 0 0 384 384 0 0 0 0 0 0 384 384 384 0 384 0 0 0 160 0 0 0 160 0 0 0 0 0 0 160 160 160 
154:/home/caitlynft/.luarocks/share/lua/5.1/mediator.lua
0 0 0 0 0 0 0 0 0 0 0 0 0 0 0 0 0 0 0 0 0 0 0 160 160 160 160 160 160 0 0 0 0 0 0 0 0 0 0 0 0 0 0 0 0 0 160 0 0 0 0 0 0 0 0 0 0 0 0 160 0 0 0 0 0 0 0 0 160 0 0 160 160 160 0 0 0 160 0 0 3892 160 0 0 0 0 0 0 0 0 0 0 0 160 0 0 8312 4726 0 0 4726 0 4726 0 4726 4726 0 0 0 3586 2380 0 1206 0 160 160 0 0 0 0 0 0 0 0 0 0 0 0 0 0 0 1962 0 5854 3892 0 0 1962 0 0 0 0 0 0 0 0 0 0 0 0 0 0 0 1962 
305:/home/caitlynft/.luarocks/share/lua/5.1/pl/path.lua
0 0 0 0 0 0 0 0 0 0 0 0 0 0 0 0 0 0 0 0 0 0 0 0 0 0 0 0 0 0 0 0 0 0 0 0 0 0 0 0 0 0 0 0 0 0 0 0 0 0 0 0 0 0 0 0 0 0 0 0 0 0 0 0 0 0 0 0 0 0 0 0 0 0 0 0 0 0 0 0 0 0 0 0 0 0 0 0 0 0 0 0 0 0 0 0 0 0 0 0 0 0 0 0 0 0 0 0 0 0 0 0 0 0 0 0 0 0 0 0 0 0 0 0 0 0 0 0 0 0 0 0 0 0 0 0 0 0 0 0 0 0 0 0 0 0 0 0 0 0 0 0 0 0 0 0 0 0 0 0 0 0 0 0 0 0 0 0 0 0 0 0 0 0 0 0 0 0 0 0 0 0 20064 0 0 0 0 0 0 0 0 0 0 0 0 0 0 0 0 0 0 0 0 0 0 0 0 0 0 0 0 0 0 0 0 0 0 0 0 0 0 0 0 0 0 0 0 0 0 0 0 1549 1549 1549 20064 18515 18515 0 1549 0 0 1549 0 0 0 0 0 0 0 0 0 0 0 0 0 0 0 0 0 0 0 0 0 0 0 0 0 0 0 0 0 0 0 0 0 0 0 0 0 0 0 0 0 0 0 0 0 0 0 0 0 0 0 0 0 0 0 0 0 0 0 0 1549 1549 1549 
475:/home/caitlynft/.luarocks/share/lua/5.1/pl/utils.lua
0 0 0 0 0 0 0 0 0 0 0 0 0 0 0 0 0 0 0 0 0 0 0 0 0 0 0 0 0 0 0 0 0 0 0 0 0 0 0 0 0 0 0 0 0 0 0 0 0 0 0 0 0 0 0 0 0 0 0 0 0 0 0 0 0 0 0 0 0 0 0 0 0 0 0 0 0 0 0 0 0 0 0 0 0 0 0 0 0 0 0 0 0 0 0 0 0 0 0 0 0 0 0 0 0 0 0 0 0 0 0 0 0 0 0 0 0 0 0 0 0 0 0 0 0 0 0 0 0 0 0 0 0 0 0 0 0 0 0 0 0 0 0 0 0 0 0 0 0 0 0 0 0 0 0 0 0 0 0 0 0 0 0 0 0 0 0 0 0 0 0 0 0 0 0 0 0 0 0 0 0 0 0 0 0 0 0 0 0 0 0 0 0 0 0 0 0 0 0 0 0 0 0 0 0 0 0 0 0 0 0 0 0 0 0 0 0 0 0 0 0 0 0 0 0 0 0 0 0 0 0 0 0 0 0 0 0 0 0 0 0 0 0 0 0 0 0 0 0 0 0 0 0 0 0 0 0 0 0 0 0 0 0 0 0 0 0 0 0 0 0 0 0 0 0 0 0 0 0 0 0 0 0 0 0 0 0 0 0 3098 0 0 3098 0 0 3098 0 0 0 0 0 0 0 0 0 0 0 0 0 0 0 0 0 0 0 0 0 0 0 0 0 0 0 0 0 0 0 0 0 0 0 0 0 0 0 0 0 0 0 0 0 0 0 0 0 0 0 0 0 0 0 0 0 0 0 0 0 0 0 0 0 0 0 0 0 0 0 0 0 0 0 0 0 0 0 0 0 0 0 0 0 0 0 0 0 0 0 0 0 0 0 0 0 0 0 0 0 0 0 0 0 0 0 0 0 0 0 0 0 0 0 0 0 0 0 0 0 0 0 0 0 0 0 0 0 0 0 0 0 0 0 0 0 0 0 0 0 0 0 0 0 0 0 0 0 0 0 0 0 0 0 0 0 0 0 0 0 0 0 0 0 0 0 0 0 0 0 0 0 0 0 0 0 0 3098 
52:/home/caitlynft/.luarocks/share/lua/5.1/say/init.lua
0 0 0 0 0 0 0 0 0 0 0 0 0 0 0 0 0 0 0 0 0 0 0 0 0 0 0 0 0 0 0 0 0 403 0 0 403 403 0 403 0 403 0 0 403 403 0 787 384 0 0 403 
39:/home/caitlynft/.luarocks/share/lua/5.1/term/colors.lua
0 0 0 0 0 0 0 0 0 0 0 0 0 0 0 0 0 0 0 0 0 0 0 0 0 0 0 0 0 0 442 0 0 0 442 0 0 0 221 
84:/usr/share/lua/5.1/luarocks/core/dir.lua
0 0 0 0 0 0 0 5888 5888 5888 0 0 5888 0 0 0 0 0 0 0 0 0 0 0 0 1472 1472 0 0 4416 2944 0 1472 0 0 0 0 0 0 0 0 2944 0 2944 2944 2944 2944 2944 0 2944 0 0 0 0 0 0 0 0 2944 2944 2944 2944 2944 0 0 11040 8096 0 0 0 0 0 0 8096 8096 0 0 2944 2944 2944 0 2944 2944 2944 
109:/usr/share/lua/5.1/luarocks/core/manif.lua
0 0 0 0 0 0 0 0 0 0 0 0 0 0 0 0 0 0 0 0 0 0 0 0 0 0 0 0 0 0 0 0 1472 1472 0 0 0 0 0 0 0 0 0 0 0 0 0 0 0 0 0 0 0 0 0 0 0 0 1472 0 1472 1472 1472 0 0 0 0 0 0 0 736 1472 1472 1472 1472 0 2208 736 0 0 0 192 128 0 64 0 96 96 0 96 96 64 0 96 128 64 0 192 128 128 0 0 0 0 0 0 0 0 64 
147:/usr/share/lua/5.1/luarocks/core/path.lua
0 0 0 0 0 0 0 0 0 0 1472 0 0 1472 1472 0 0 0 0 0 0 0 0 0 0 0 0 0 0 0 0 0 0 0 0 0 0 0 0 0 0 0 0 0 224 0 224 224 64 0 160 160 160 0 0 0 0 0 0 0 0 0 224 224 224 0 0 0 0 0 0 0 0 0 0 0 0 0 0 0 0 0 0 0 0 0 0 0 0 0 0 0 0 0 0 0 0 0 0 0 0 0 0 0 0 0 0 0 0 0 0 0 2944 2944 0 0 0 0 0 0 0 0 0 0 0 0 0 0 736 736 736 0 0 736 736 0 0 2208 1472 736 0 1472 1472 0 0 0 736 
134:/usr/share/lua/5.1/luarocks/core/vers.lua
0 0 0 0 0 0 0 0 0 0 0 0 0 0 0 0 0 0 0 0 0 0 0 0 0 0 0 0 0 0 0 0 0 0 0 0 0 0 0 0 0 0 0 0 0 0 0 128 96 96 0 0 0 32 32 0 0 0 0 0 0 0 0 0 0 0 0 0 0 0 0 0 0 0 0 0 0 0 0 0 0 0 0 0 0 0 0 0 0 96 96 0 96 96 32 0 0 64 64 0 0 192 192 256 0 0 64 64 0 64 64 64 64 0 256 0 192 192 192 0 0 0 0 0 0 0 0 0 0 192 0 64 64 64 
219:/usr/share/lua/5.1/luarocks/loader.lua
0 0 0 0 0 0 0 0 0 0 0 0 0 0 0 0 0 0 0 0 0 0 0 0 0 0 0 0 0 0 0 0 0 0 0 0 0 0 0 0 0 0 0 0 0 0 0 0 0 0 0 0 0 0 0 0 0 0 0 0 0 0 0 0 192 0 0 0 0 0 0 192 192 0 0 0 192 0 0 0 0 0 0 0 32 0 0 0 0 0 0 0 0 0 0 0 0 0 0 0 0 736 736 544 544 192 0 0 0 0 0 0 0 320 224 224 224 0 0 224 224 128 0 96 96 0 96 0 0 0 0 0 0 0 0 0 0 0 0 0 0 0 0 0 544 544 0 0 0 544 544 1376 960 960 224 224 128 0 0 736 736 736 0 0 0 0 0 0 0 0 416 64 64 64 0 352 0 0 0 0 0 0 0 0 0 0 1088 224 0 0 224 544 0 0 0 0 0 0 0 0 0 0 0 0 0 0 0 0 0 0 0 0 0 544 544 352 0 192 192 
1005:process.lua
0 32 64 32 0 32 0 32 0 32 32 0 32 0 0 32 0 0 0 0 0 0 0 0 0 32 32 0 0 192 96 192 96 0 0 96 32 0 32 32 32 0 0 0 32 32 32 0 0 0 0 0 0 0 0 0 0 32 0 0 0 0 0 0 0 0 32 0 0 0 0 0 0 0 0 0 0 0 0 0 32 0 128 96 96 0 0 0 0 0 32 0 0 32 32 32 0 32 32 0 0 0 32 64 32 0 32 32 0 32 373 0 373 583 210 0 373 0 0 0 373 32 0 32 346 32 0 32 0 0 0 0 0 32 0 32 0 206 0 0 206 0 0 0 0 206 0 206 412 206 0 0 0 0 206 206 0 0 0 0 206 206 0 0 0 0 32 0 32 32 0 0 0 32 64 32 0 0 0 0 0 32 0 0 0 32 32 0 32 32 32 0 32 0 32 32 0 0 0 32 64 32 0 32 32 0 0 32 0 0 0 0 0 0 0 0 32 0 0 0 32 0 0 0 32 0 32 68 0 68 0 0 0 0 68 136 0 0 68 0 68 0 0 0 0 68 136 68 136 0 68 0 0 0 0 0 68 68 0 68 0 0 68 0 0 68 32 0 32 342 342 342 0 342 204 0 138 0 32 0 32 28 28 28 28 28 28 0 28 0 0 0 0 0 0 28 28 0 1 0 0 27 0 0 0 28 0 0 28 0 56 0 0 0 28 28 0 56 28 56 0 28 0 0 0 0 0 28 0 0 32 0 32 6 0 0 6 6 0 0 0 0 0 6 6 5 0 1 0 0 0 6 5 5 5 0 0 0 0 6 0 0 12 0 0 0 6 6 0 12 6 12 0 6 0 0 0 0 6 32 0 32 146 146 68 0 78 0 32 0 32 37 37 11 11 11 11 0 0 0 0 26 0 32 0 32 64 32 0 32 0 0 0 0 0 0 32 0 32 128 0 0 0 64 64 0 128 64 128 0 64 64 0 0 0 32 0 0 32 0 0 0 0 0 0 0 0 0 0 0 0 0 0 0 0 0 0 0 0 32 0 32 32 0 0 0 32 64 32 0 32 32 0 0 32 0 0 0 0 0 0 0 0 0 32 0 0 0 0 0 0 0 32 0 0 0 0 32 0 32 28 56 868 868 56 32 0 32 4 4 4 4 4 3 0 1 0 32 0 32 27 27 27 27 27 27 0 0 0 32 0 32 28 0 28 28 0 28 0 0 0 0 28 0 28 56 0 0 28 0 28 0 0 0 0 28 56 28 56 0 28 0 0 0 0 0 28 28 0 28 0 0 28 0 0 28 32 0 32 6 0 6 0 6 0 0 0 0 6 12 0 0 6 0 6 0 0 0 0 6 12 6 12 0 6 0 0 0 0 0 6 6 0 6 0 0 6 0 0 6 32 0 32 6 0 6 0 0 0 0 6 12 0 0 0 6 0 6 0 0 0 0 6 12 6 12 0 6 0 0 0 0 0 6 6 0 6 0 0 6 0 0 6 32 0 32 32 0 0 32 32 32 32 32 32 0 0 32 0 0 0 0 0 32 0 0 0 32 0 0 0 0 0 32 0 0 0 0 0 32 0 0 0 32 0 0 0 32 0 0 0 32 0 0 0 0 0 32 0 0 0 0 32 0 0 0 0 32 0 0 0 0 32 0 0 0 0 32 0 0 32 265 265 265 265 265 32 0 0 0 0 32 0 0 0 0 0 0 0 0 0 0 0 256 32 0 0 54 64 37 5 0 0 0 27 5 0 27 59 10 54 10 54 10 54 10 54 10 0 0 0 54 64 64 10 54 64 64 10 0 0 0 27 5 0 27 11 21 6 21 6 27 27 27 21 6 21 6 26 21 16 0 1 5 1 6 6 5 0 0 0 27 5 0 0 5 10 0 10 0 10 10 10 0 0 10 10 0 10 0 0 0 0 10 0 10 0 10 5 4 0 2 4 2 6 6 4 4 27 3 0 27 65 2 60 62 66 58 66 39 38 38 9 31 32 5 27 5 4 23 56 3 51 7 62 18 28 16 13 39 22 21 17 9 23 24 5 19 24 5 19 5 23 20 24 1 4 8 4 23 1 0 10 24 2 19 25 29 2 27 20 19 11 13 13 27 5 10 5 4 0 4 0 0 3 3 0 3 3 0 7 4 4 4 0 4 4 3 3 7 3 13 8 18 31 13 44 20 44 14 43 23 45 17 43 23 45 17 43 23 45 17 43 23 45 17 43 23 45 17 43 23 45 17 35 23 15 17 2 17 5 3 0 1 3 
123:test/mocked-env/ao/ao.lua
32 0 0 32 32 0 32 0 0 0 0 0 0 0 0 0 0 0 0 0 0 0 32 321 0 0 0 0 0 0 0 0 0 0 0 0 0 0 0 0 0 0 0 32 0 0 0 32 32 32 32 0 32 32 32 0 32 32 32 0 32 32 0 32 32 32 32 32 0 32 32 32 0 32 32 32 0 32 32 0 32 32 32 0 0 0 0 0 0 0 0 0 0 0 0 0 32 0 0 0 0 0 0 0 0 0 0 0 0 0 0 0 0 0 0 0 0 32 0 32 32 0 32 
60:test/mocked-env/ao/handlers-utils.lua
32 0 32 32 32 0 32 256 0 0 0 256 32 0 32 0 0 0 0 0 0 0 0 0 0 0 0 32 0 32 0 0 0 0 32 0 32 0 0 0 0 0 0 0 0 32 0 32 0 0 0 0 0 0 0 0 0 32 0 32 
184:test/mocked-env/ao/handlers.lua
32 0 32 32 0 0 1152 896 0 0 0 256 32 0 32 512 256 256 256 256 0 0 0 256 256 0 0 0 0 0 256 0 288 0 32 0 0 0 0 0 0 0 0 0 0 0 0 0 0 0 32 0 32 0 0 0 0 0 0 0 0 0 0 0 0 0 0 0 0 32 0 32 0 0 0 0 0 0 0 0 0 0 0 0 0 0 0 0 0 0 0 32 0 32 0 0 0 0 0 0 0 0 0 0 0 0 0 0 0 0 0 0 32 0 32 0 0 0 0 0 0 0 32 0 0 32 0 0 0 0 0 0 0 0 0 0 0 0 0 0 0 0 0 0 0 0 0 0 0 0 0 0 0 0 0 0 0 0 0 0 0 0 0 0 0 0 0 0 0 0 0 0 0 0 0 0 0 0 0 0 0 32 0 32 
383:test/mocked-env/lib/json.lua
0 0 0 0 0 0 0 0 0 0 0 0 0 0 0 0 0 0 0 0 0 0 0 0 32 0 0 0 0 0 32 0 32 32 32 32 32 32 32 32 0 0 32 256 224 0 0 0 0 88 32 0 0 0 0 32 0 0 0 695 695 0 0 695 0 695 0 695 0 118 232 114 0 0 114 0 118 0 0 0 232 114 0 118 118 0 0 1360 783 0 0 783 0 577 577 0 32 0 0 0 1497 32 0 0 0 0 160 0 0 160 32 0 0 32 32 32 32 32 32 0 0 0 0 2352 2352 2352 2352 0 0 32 0 0 32 672 32 0 0 0 0 0 32 0 0 128 864 736 0 128 32 0 32 32 32 32 0 32 32 32 32 0 0 0 0 2213 1943 1846 0 0 270 32 0 0 0 2 2 3 1 1 0 0 0 0 2 32 0 0 0 0 0 0 0 0 0 0 0 0 0 0 0 0 32 0 0 0 0 0 0 0 0 0 0 0 32 0 0 0 621 621 621 0 8945 8945 0 8945 0 8945 0 0 0 0 0 0 0 0 0 0 0 0 0 0 0 0 8945 621 621 0 0 8324 0 0 0 32 0 0 0 64 64 64 64 0 0 64 32 0 0 0 0 0 0 0 0 0 32 0 0 0 72 72 72 0 73 73 0 73 0 0 0 0 73 73 73 0 73 73 73 73 1 0 72 32 0 0 0 268 268 0 342 342 0 342 0 0 0 0 342 0 0 342 0 342 342 0 0 342 0 342 0 342 0 342 342 342 342 74 0 268 32 0 0 32 32 32 32 32 32 32 32 32 32 32 32 32 32 32 32 32 32 0 0 0 0 1027 1027 1027 1025 0 2 32 0 0 32 272 2 0 270 268 268 0 0 268 32 0 32 
188:test/mocked-env/lib/utils.lua
32 0 0 0 0 0 0 0 0 0 0 0 0 0 0 32 0 0 0 0 288 288 288 0 0 0 0 0 0 0 0 0 0 0 288 32 0 0 0 0 64 0 0 0 0 0 0 0 0 0 0 0 0 0 64 0 0 0 0 0 64 0 0 0 0 0 0 0 0 0 0 0 64 0 0 0 64 0 0 0 0 0 0 0 0 0 64 0 0 0 64 0 0 0 0 0 0 0 0 0 0 0 64 0 0 0 64 0 0 0 0 0 0 0 64 0 0 0 0 64 0 0 0 0 0 64 0 0 0 0 0 0 0 0 0 0 0 0 32 0 0 64 0 0 0 0 0 0 0 0 0 0 64 0 0 0 64 0 64 0 0 0 64 0 0 64 0 0 0 0 0 0 0 0 0 32 0 0 0 0 0 0 0 0 0 32 0 32 
369:test/process_test.lua
0 0 0 0 32 32 0 32 0 0 0 0 32 0 32 32 32 32 32 2 32 0 32 0 2 30 30 32 32 2 32 30 32 2 32 30 32 32 32 2 2 0 0 0 0 0 0 30 0 2 60 60 64 4 64 60 4 64 30 64 2 64 30 64 2 64 30 34 32 62 2 64 30 34 32 32 32 32 62 2 64 30 34 32 32 2 18 14 30 34 16 60 18 48 30 34 48 16 62 18 48 30 34 48 48 30 62 36 32 60 4 64 32 32 60 24 46 30 34 20 34 28 34 30 32 28 16 32 30 39 11 41 25 39 23 32 36 33 28 31 35 36 32 22 32 32 50 14 52 26 30 14 33 28 34 29 30 31 28 32 33 6 27 16 27 43 13 42 14 16 24 40 8 42 11 29 24 35 17 26 16 16 20 25 21 25 25 10 19 16 20 19 33 14 34 14 15 21 17 18 18 23 9 15 22 4 12 18 27 29 14 25 35 9 20 8 21 29 11 27 10 10 14 14 4 12 18 14 17 12 0 2 14 12 18 8 22 0 7 7 7 0 10 13 19 7 7 0 0 7 7 14 0 12 0 6 6 6 0 9 6 6 6 6 0 0 6 6 12 10 0 10 10 0 13 0 10 10 0 10 0 5 5 5 0 5 5 5 5 5 0 0 5 5 10 0 10 0 5 5 5 0 5 5 5 5 5 0 0 5 5 10 0 10 0 5 5 5 0 5 5 5 5 5 0 0 5 5 9 12 0 6 6 0 6 0 6 6 0 6 0 3 1 3 2 3 3 3 1 1 2 2 5 1 7 0 4 0 1 1 1 1 1 0 0 1 1 2 3 
36:test/setup.lua
0 0 0 1344 64 0 0 1280 32 0 0 1248 32 0 0 1216 0 0 0 1216 0 0 0 1216 64 0 0 1152 128 0 0 1024 96 0 0 928 
